2016/12/05 12:54:51 INFO  - jmeter.util.JMeterUtils: Setting Locale to ru_RU 
2016/12/05 12:54:51 ERROR - jmeter.util.JMeterUtils: Could not find resources for 'ru_RU' 
2016/12/05 12:54:51 INFO  - jmeter.JMeter: Loading user properties from: /home/masha/Загрузки/apache-jmeter-3.1/bin/user.properties 
2016/12/05 12:54:51 INFO  - jmeter.JMeter: Loading system properties from: /home/masha/Загрузки/apache-jmeter-3.1/bin/system.properties 
2016/12/05 12:54:51 INFO  - jmeter.JMeter: Copyright (c) 1998-2016 The Apache Software Foundation 
2016/12/05 12:54:51 INFO  - jmeter.JMeter: Version 3.1 r1770033 
2016/12/05 12:54:51 INFO  - jmeter.JMeter: java.version=1.8.0_101 
2016/12/05 12:54:51 INFO  - jmeter.JMeter: java.vm.name=Java HotSpot(TM) 64-Bit Server VM 
2016/12/05 12:54:51 INFO  - jmeter.JMeter: os.name=Linux 
2016/12/05 12:54:51 INFO  - jmeter.JMeter: os.arch=amd64 
2016/12/05 12:54:51 INFO  - jmeter.JMeter: os.version=4.4.0-51-generic 
2016/12/05 12:54:51 INFO  - jmeter.JMeter: file.encoding=UTF-8 
2016/12/05 12:54:51 INFO  - jmeter.JMeter: Max memory     =514850816 
2016/12/05 12:54:51 INFO  - jmeter.JMeter: Available Processors =4 
2016/12/05 12:54:51 INFO  - jmeter.JMeter: Default Locale=русский (Россия) 
2016/12/05 12:54:51 INFO  - jmeter.JMeter: JMeter  Locale=русский (Россия) 
2016/12/05 12:54:51 INFO  - jmeter.JMeter: JMeterHome=/home/masha/Загрузки/apache-jmeter-3.1 
2016/12/05 12:54:51 INFO  - jmeter.JMeter: user.dir  =/home/masha/Загрузки/apache-jmeter-3.1 
2016/12/05 12:54:51 INFO  - jmeter.JMeter: PWD       =/home/masha/Загрузки/apache-jmeter-3.1 
2016/12/05 12:54:51 INFO  - jmeter.JMeter: IP: 127.0.1.1 Name: masha-Latitude-E5250 FullName: masha-Latitude-E5250 
